<?xml version="1.0" encoding="UTF-8"?>
<!-- Generated by org.testng.reporters.JUnitReportReporter -->
<testsuite hostname="DESKTOP-B1TS52N" failures="0" tests="1" name="NewTest" time="6.710" errors="0" timestamp="2024-01-08T16:23:32 IST" skipped="0">
  <testcase classname="NewTest" name="testEasy" time="6.710"/>
  <system-out/>
</testsuite> <!-- NewTest -->
